TN:
SF:C:\Users\arnav\Development\CodingBlocks\Courses\WebLive2017Winter\Webinar17\UnitTesting\fareutils.js
FN:9,calcFare
FNF:1
FNH:1
FNDA:3,calcFare
DA:1,1
DA:10,3
DA:11,3
DA:12,3
DA:13,3
DA:16,1
LF:6
LH:6
BRDA:11,0,0,1
BRDA:11,0,1,2
BRDA:12,1,0,1
BRDA:12,1,1,2
BRF:4
BRH:4
end_of_record
TN:
SF:C:\Users\arnav\Development\CodingBlocks\Courses\WebLive2017Winter\Webinar17\UnitTesting\server.js
FN:12,(anonymous_0)
FN:21,(anonymous_1)
FNF:2
FNH:1
FNDA:0,(anonymous_0)
FNDA:1,(anonymous_1)
DA:1,1
DA:2,1
DA:3,1
DA:5,1
DA:7,1
DA:8,1
DA:10,1
DA:12,1
DA:13,0
DA:14,0
DA:16,0
DA:18,0
DA:21,1
DA:22,1
DA:25,1
LF:15
LH:11
BRF:0
BRH:0
end_of_record
